C51 COMPILER V9.52.0.0   LCD1602                                                           01/07/2021 17:15:33 PAGE 1   


C51 COMPILER V9.52.0.0, COMPILATION OF MODULE LCD1602
OBJECT MODULE PLACED IN LCD1602.OBJ
COMPILER INVOKED BY: D:\work_app\Keil\C51\BIN\C51.EXE LCD1602.c BROWSE DEBUG OBJECTEXTEND TABS(2)

line level    source

   1          #include <LCD1602.h>
   2          void wait(unsigned int t)//液晶等待
   3          {
   4   1      //  Lcd1602Rs=0;
   5   1      //  Lcd1602Rw=1;
   6   1      //  Lcd1602E=1;
   7   1      //  //while(P0&0x80);
   8   1      //  Lcd1602E=0;
   9   1        mdelay(t);  
  10   1      }
  11          
  12          /*--------------------------------------------------
  13          ＊函数功能：写一个字符
  14          ＊输入：所写字符
  15          ＊输出：无
  16          ＊调用模块：wait()
  17          --------------------------------------------------*/
  18          void LcdWrite(bit com, uchar a) //com 标示命令还是数据
  19          {
  20   1        wait(10);
  21   1        Lcd1602Rs = com;
  22   1        Lcd1602Rw = 0;
  23   1        LCD1602PORT    = a; 
  24   1        Lcd1602E  = 1;
  25   1        wait(10);
  26   1        Lcd1602E  = 0;
  27   1        wait(10);
  28   1      }
  29          /*--------------------------------------------------
  30          ＊函数功能：初始化Lcd
  31          ＊输入：无
  32          ＊输出：无
  33          ＊调用模块:wait()
  34          --------------------------------------------------*/
  35          void  Intlcd(void)
  36          {
  37   1        LcdWrite(LcdCom,0x01);//清屏
  38   1        wait(1000);
  39   1        LcdWrite(LcdCom,0x38);//置功能：2行，5x7字符
  40   1        wait(1000);
  41   1        LcdWrite(LcdCom,0x06);//置输入模式：地址增量，显示屏不移动
  42   1        wait(1000);
  43   1        LcdWrite(LcdCom,0x0c);//显示开，不显示光标，光标不闪烁 
  44   1        wait(1000);
  45   1        LcdWrite(LcdCom,0x01);//清屏
  46   1        wait(1000);
  47   1      }
  48          /*--------------------------------------------------
  49          ＊函数功能：在指定位置写一字符
  50          ＊输入：字符串写入地址行x列y,所写字符uc
  51          ＊输出：无
  52          ＊调用模块：Lcdwrite()
  53          --------------------------------------------------
  54          void   Display_one(uchar x,uchar y,uchar uc)
  55          {
C51 COMPILER V9.52.0.0   LCD1602                                                           01/07/2021 17:15:33 PAGE 2   

  56            LcdWrite(LcdCom,(x-1)*0x40+y-1+0x80);
  57            LcdWrite(LcdData,uc);
  58          }
  59          */
  60          /*--------------------------------------------------
  61          ＊函数功能：写缓冲区中的一串字符
  62          ＊输入：无
  63          ＊输出：无
  64          ＊调用模块：Lcdwrite()
  65          --------------------------------------------------
  66          void  Display_all(uchar *DisplayBuf)
  67          {
  68            uchar i;
  69            LcdWrite(LcdCom,0x80);
  70            for(i=0x00;i<=0x0f;i++)
  71            {
  72              LcdWrite(LcdData,DisplayBuf[i]);
  73            }
  74            LcdWrite(LcdCom,0xc0);  //第二行地址变换
  75            for(i=0x10;i<=0x1f;i++)
  76            {
  77              LcdWrite(LcdData,DisplayBuf[i]);
  78            } 
  79          } */
  80          
  81          /*--------------------------------------------------
  82          ＊函数功能：写缓冲区中的一串字符
  83          ＊输入：所写内容地址tab
  84          ＊输出：无
  85          ＊调用模块：Lcdwrite()
  86          --------------------------------------------------*/
  87          void  display_tab(uchar *tab)
  88          {
  89   1        uchar i;
  90   1        LcdWrite(LcdCom,0x80);
  91   1        for(i=0x00;i<=0x0f;i++)
  92   1        {
  93   2          LcdWrite(LcdData,tab[i]);
  94   2        }
  95   1        LcdWrite(LcdCom,0xc0);//第二行地址变换
  96   1        for(i=0x10;i<=0x1f;i++)
  97   1        {
  98   2          LcdWrite(LcdData,tab[i]);
  99   2        }
 100   1      } 
 101          /*--------------------------------------------------
 102          ＊函数功能：显示列表送缓冲区
 103          ＊输入：显示内容地址tab
 104          ＊输出：无
 105          ＊调用模块：无
 106          --------------------------------------------------
 107          void  Load_to_Lcd(uchar *tab,uchar *DisplayBuf)
 108          { 
 109            uchar i;
 110            for(i=0x00;i<=0x1f;i++)
 111            {
 112              DisplayBuf[i]=tab[i];
 113            } 
 114          }*/


MODULE INFORMATION:   STATIC OVERLAYABLE
C51 COMPILER V9.52.0.0   LCD1602                                                           01/07/2021 17:15:33 PAGE 3   

   CODE SIZE        =    167    ----
   CONSTANT SIZE    =   ----    ----
   XDATA SIZE       =   ----    ----
   PDATA SIZE       =   ----    ----
   DATA SIZE        =   ----       4
   IDATA SIZE       =   ----    ----
   BIT SIZE         =   ----       1
END OF MODULE INFORMATION.


C51 COMPILATION COMPLETE.  0 WARNING(S),  0 ERROR(S)
